
> dev:server
> tsx scripts/dev-server.ts

Local dev server listening on http://127.0.0.1:8787
Endpoints: /health, /v1/users/me, /v1/posts/list, /v1/posts/generate, /v1/posts/feedback, /v1/posts/feedback/list, /v1/recommendations/recces
{"timestamp":"2026-02-23T08:03:03.840Z","level":"INFO","event":"http.request.start","request_id":"4fa63753-cfd8-4a57-b540-e0245d5749ff","method":"POST","path":"/v1/recommendations/recces","query":{},"body":{"author_id":"paul_graham","limit":8,"has_seed_post_id":false,"recent_post_ids_count":0,"exclude_post_ids_count":0}}
{"timestamp":"2026-02-23T08:03:03.845Z","level":"INFO","event":"http.request.finish","request_id":"4fa63753-cfd8-4a57-b540-e0245d5749ff","method":"POST","path":"/v1/recommendations/recces","status":200,"duration_ms":5}
{"timestamp":"2026-02-23T08:03:03.855Z","level":"INFO","event":"http.request.start","request_id":"2ade11fb-a2ed-4c36-9d22-0af18fc9106c","method":"POST","path":"/v1/recommendations/recces","query":{},"body":{"author_id":"paul_graham","limit":8,"has_seed_post_id":false,"recent_post_ids_count":1,"exclude_post_ids_count":1}}
{"timestamp":"2026-02-23T08:03:03.857Z","level":"INFO","event":"http.request.finish","request_id":"2ade11fb-a2ed-4c36-9d22-0af18fc9106c","method":"POST","path":"/v1/recommendations/recces","status":200,"duration_ms":2}
{"timestamp":"2026-02-23T08:03:03.859Z","level":"INFO","event":"http.request.start","request_id":"5c20c0e9-9a00-4f3b-94ea-d34c3ff82ca6","method":"POST","path":"/v1/recommendations/recces","query":{},"body":{"author_id":"paul_graham","limit":8,"has_seed_post_id":false,"recent_post_ids_count":2,"exclude_post_ids_count":2}}
{"timestamp":"2026-02-23T08:03:03.860Z","level":"INFO","event":"http.request.finish","request_id":"5c20c0e9-9a00-4f3b-94ea-d34c3ff82ca6","method":"POST","path":"/v1/recommendations/recces","status":200,"duration_ms":1}
{"timestamp":"2026-02-23T08:03:03.862Z","level":"INFO","event":"http.request.start","request_id":"aac391ec-fa5e-4817-94ad-fb5473d42645","method":"POST","path":"/v1/posts/feedback","query":{},"body":{"post_id":"paul_graham:startup:0","feedback_type":"upvote"}}
{"timestamp":"2026-02-23T08:03:03.863Z","level":"INFO","event":"http.request.finish","request_id":"aac391ec-fa5e-4817-94ad-fb5473d42645","method":"POST","path":"/v1/posts/feedback","status":200,"duration_ms":1}
{"timestamp":"2026-02-23T08:03:03.864Z","level":"INFO","event":"http.request.start","request_id":"df1559b5-2556-4694-a9a6-accd7411fe42","method":"POST","path":"/v1/recommendations/recces","query":{},"body":{"author_id":"paul_graham","limit":8,"has_seed_post_id":false,"recent_post_ids_count":3,"exclude_post_ids_count":3}}
{"timestamp":"2026-02-23T08:03:03.865Z","level":"INFO","event":"http.request.finish","request_id":"df1559b5-2556-4694-a9a6-accd7411fe42","method":"POST","path":"/v1/recommendations/recces","status":200,"duration_ms":1}
{"timestamp":"2026-02-23T08:03:03.867Z","level":"INFO","event":"http.request.start","request_id":"77eb94ea-f503-4d71-a9f0-661acc2b194e","method":"POST","path":"/v1/posts/feedback","query":{},"body":{"post_id":"paul_graham:startup:2","feedback_type":"upvote"}}
{"timestamp":"2026-02-23T08:03:03.867Z","level":"INFO","event":"http.request.finish","request_id":"77eb94ea-f503-4d71-a9f0-661acc2b194e","method":"POST","path":"/v1/posts/feedback","status":200,"duration_ms":0}
{"timestamp":"2026-02-23T08:03:03.869Z","level":"INFO","event":"http.request.start","request_id":"e2eeaa17-ab2b-442b-8c94-167367cf67ea","method":"POST","path":"/v1/recommendations/recces","query":{},"body":{"author_id":"paul_graham","limit":8,"has_seed_post_id":false,"recent_post_ids_count":4,"exclude_post_ids_count":4}}
{"timestamp":"2026-02-23T08:03:03.870Z","level":"INFO","event":"http.request.finish","request_id":"e2eeaa17-ab2b-442b-8c94-167367cf67ea","method":"POST","path":"/v1/recommendations/recces","status":200,"duration_ms":1}
{"timestamp":"2026-02-23T08:03:03.871Z","level":"INFO","event":"http.request.start","request_id":"29513a1c-8de4-4f76-99f3-00a0e79d1738","method":"POST","path":"/v1/recommendations/recces","query":{},"body":{"author_id":"paul_graham","limit":8,"has_seed_post_id":false,"recent_post_ids_count":5,"exclude_post_ids_count":5}}
{"timestamp":"2026-02-23T08:03:03.872Z","level":"INFO","event":"http.request.finish","request_id":"29513a1c-8de4-4f76-99f3-00a0e79d1738","method":"POST","path":"/v1/recommendations/recces","status":200,"duration_ms":1}
{"timestamp":"2026-02-23T08:03:03.874Z","level":"INFO","event":"http.request.start","request_id":"8d7e9e04-4ff2-4d4a-9cfe-ebb85489001c","method":"POST","path":"/v1/recommendations/recces","query":{},"body":{"author_id":"paul_graham","limit":8,"has_seed_post_id":false,"recent_post_ids_count":5,"exclude_post_ids_count":6}}
{"timestamp":"2026-02-23T08:03:03.875Z","level":"INFO","event":"http.request.finish","request_id":"8d7e9e04-4ff2-4d4a-9cfe-ebb85489001c","method":"POST","path":"/v1/recommendations/recces","status":200,"duration_ms":1}
{"timestamp":"2026-02-23T08:03:03.877Z","level":"INFO","event":"http.request.start","request_id":"d37debcd-4516-43e1-9bfe-27eae0aa4123","method":"POST","path":"/v1/recommendations/recces","query":{},"body":{"author_id":"paul_graham","limit":8,"has_seed_post_id":false,"recent_post_ids_count":5,"exclude_post_ids_count":7}}
{"timestamp":"2026-02-23T08:03:03.878Z","level":"INFO","event":"http.request.finish","request_id":"d37debcd-4516-43e1-9bfe-27eae0aa4123","method":"POST","path":"/v1/recommendations/recces","status":200,"duration_ms":1}
{"timestamp":"2026-02-23T08:03:03.879Z","level":"INFO","event":"http.request.start","request_id":"69590c8f-4e05-4ccd-baaa-6658177bba0f","method":"POST","path":"/v1/recommendations/recces","query":{},"body":{"author_id":"paul_graham","limit":8,"has_seed_post_id":false,"recent_post_ids_count":5,"exclude_post_ids_count":0}}
{"timestamp":"2026-02-23T08:03:03.880Z","level":"INFO","event":"http.request.finish","request_id":"69590c8f-4e05-4ccd-baaa-6658177bba0f","method":"POST","path":"/v1/recommendations/recces","status":200,"duration_ms":1}
{"timestamp":"2026-02-23T08:03:03.882Z","level":"INFO","event":"http.request.start","request_id":"5011ec38-6877-41d7-99c5-668d7da4272d","method":"POST","path":"/v1/recommendations/recces","query":{},"body":{"author_id":"paul_graham","limit":8,"has_seed_post_id":false,"recent_post_ids_count":5,"exclude_post_ids_count":1}}
{"timestamp":"2026-02-23T08:03:03.882Z","level":"INFO","event":"http.request.finish","request_id":"5011ec38-6877-41d7-99c5-668d7da4272d","method":"POST","path":"/v1/recommendations/recces","status":200,"duration_ms":0}
{"timestamp":"2026-02-23T08:03:03.884Z","level":"INFO","event":"http.request.start","request_id":"08169fa8-0593-4dcd-9b38-ff5a914241c5","method":"POST","path":"/v1/recommendations/recces","query":{},"body":{"author_id":"paul_graham","limit":8,"has_seed_post_id":false,"recent_post_ids_count":5,"exclude_post_ids_count":2}}
{"timestamp":"2026-02-23T08:03:03.884Z","level":"INFO","event":"http.request.finish","request_id":"08169fa8-0593-4dcd-9b38-ff5a914241c5","method":"POST","path":"/v1/recommendations/recces","status":200,"duration_ms":0}
{"timestamp":"2026-02-23T08:03:03.886Z","level":"INFO","event":"http.request.start","request_id":"83b343cd-0a07-44b5-9b7b-1020b4bfd35e","method":"POST","path":"/v1/recommendations/recces","query":{},"body":{"author_id":"paul_graham","limit":8,"has_seed_post_id":false,"recent_post_ids_count":5,"exclude_post_ids_count":0}}
{"timestamp":"2026-02-23T08:03:03.886Z","level":"INFO","event":"http.request.finish","request_id":"83b343cd-0a07-44b5-9b7b-1020b4bfd35e","method":"POST","path":"/v1/recommendations/recces","status":200,"duration_ms":0}
{"timestamp":"2026-02-23T08:03:03.887Z","level":"INFO","event":"http.request.start","request_id":"f9e3db65-d837-4efc-a0c6-5d64d44fce1a","method":"POST","path":"/v1/recommendations/recces","query":{},"body":{"author_id":"paul_graham","limit":8,"has_seed_post_id":false,"recent_post_ids_count":5,"exclude_post_ids_count":0}}
{"timestamp":"2026-02-23T08:03:03.888Z","level":"INFO","event":"http.request.finish","request_id":"f9e3db65-d837-4efc-a0c6-5d64d44fce1a","method":"POST","path":"/v1/recommendations/recces","status":200,"duration_ms":1}
{"timestamp":"2026-02-23T08:03:03.889Z","level":"INFO","event":"http.request.start","request_id":"a690edc2-ae73-4079-a8ef-9e57d3a1cfd4","method":"POST","path":"/v1/recommendations/recces","query":{},"body":{"author_id":"paul_graham","limit":8,"has_seed_post_id":false,"recent_post_ids_count":0,"exclude_post_ids_count":0}}
{"timestamp":"2026-02-23T08:03:03.889Z","level":"INFO","event":"http.request.finish","request_id":"a690edc2-ae73-4079-a8ef-9e57d3a1cfd4","method":"POST","path":"/v1/recommendations/recces","status":200,"duration_ms":0}
{"timestamp":"2026-02-23T08:03:03.891Z","level":"INFO","event":"http.request.start","request_id":"7f7f63f7-7912-4e75-8bae-4d385aeeba5b","method":"POST","path":"/v1/recommendations/recces","query":{},"body":{"author_id":"paul_graham","limit":8,"has_seed_post_id":false,"recent_post_ids_count":0,"exclude_post_ids_count":0}}
{"timestamp":"2026-02-23T08:03:03.891Z","level":"INFO","event":"http.request.finish","request_id":"7f7f63f7-7912-4e75-8bae-4d385aeeba5b","method":"POST","path":"/v1/recommendations/recces","status":200,"duration_ms":0}
{"timestamp":"2026-02-23T08:03:03.892Z","level":"INFO","event":"http.request.start","request_id":"8be802f6-2842-41c8-ba58-8a16c6543bae","method":"POST","path":"/v1/recommendations/recces","query":{},"body":{"author_id":"paul_graham","limit":8,"has_seed_post_id":false,"recent_post_ids_count":1,"exclude_post_ids_count":1}}
{"timestamp":"2026-02-23T08:03:03.893Z","level":"INFO","event":"http.request.finish","request_id":"8be802f6-2842-41c8-ba58-8a16c6543bae","method":"POST","path":"/v1/recommendations/recces","status":200,"duration_ms":1}
{"timestamp":"2026-02-23T08:03:03.894Z","level":"INFO","event":"http.request.start","request_id":"73d843b7-1814-4339-aa74-1057632a25cc","method":"POST","path":"/v1/recommendations/recces","query":{},"body":{"author_id":"paul_graham","limit":8,"has_seed_post_id":false,"recent_post_ids_count":2,"exclude_post_ids_count":2}}
{"timestamp":"2026-02-23T08:03:03.895Z","level":"INFO","event":"http.request.finish","request_id":"73d843b7-1814-4339-aa74-1057632a25cc","method":"POST","path":"/v1/recommendations/recces","status":200,"duration_ms":1}
{"timestamp":"2026-02-23T08:03:03.897Z","level":"INFO","event":"http.request.start","request_id":"35aa674f-9155-4f6e-b87b-5328705f3444","method":"POST","path":"/v1/recommendations/recces","query":{},"body":{"author_id":"paul_graham","limit":8,"has_seed_post_id":false,"recent_post_ids_count":3,"exclude_post_ids_count":3}}
{"timestamp":"2026-02-23T08:03:03.898Z","level":"INFO","event":"http.request.finish","request_id":"35aa674f-9155-4f6e-b87b-5328705f3444","method":"POST","path":"/v1/recommendations/recces","status":200,"duration_ms":1}
{"timestamp":"2026-02-23T08:03:03.901Z","level":"INFO","event":"http.request.start","request_id":"66eb1756-6722-46cb-8dd6-a7ccaa8916ef","method":"POST","path":"/v1/recommendations/recces","query":{},"body":{"author_id":"paul_graham","limit":8,"has_seed_post_id":false,"recent_post_ids_count":4,"exclude_post_ids_count":4}}
{"timestamp":"2026-02-23T08:03:03.901Z","level":"INFO","event":"http.request.finish","request_id":"66eb1756-6722-46cb-8dd6-a7ccaa8916ef","method":"POST","path":"/v1/recommendations/recces","status":200,"duration_ms":0}
{"timestamp":"2026-02-23T08:03:03.902Z","level":"INFO","event":"http.request.start","request_id":"920e3abb-a697-45f9-9836-7e3db51dffd4","method":"POST","path":"/v1/recommendations/recces","query":{},"body":{"author_id":"paul_graham","limit":8,"has_seed_post_id":false,"recent_post_ids_count":5,"exclude_post_ids_count":5}}
{"timestamp":"2026-02-23T08:03:03.903Z","level":"INFO","event":"http.request.finish","request_id":"920e3abb-a697-45f9-9836-7e3db51dffd4","method":"POST","path":"/v1/recommendations/recces","status":200,"duration_ms":1}
{"timestamp":"2026-02-23T08:03:03.904Z","level":"INFO","event":"http.request.start","request_id":"023d1eec-8519-42f1-a28c-bebc5766d6bb","method":"POST","path":"/v1/posts/feedback","query":{},"body":{"post_id":"paul_graham:fundraising:0","feedback_type":"upvote"}}
{"timestamp":"2026-02-23T08:03:03.904Z","level":"INFO","event":"http.request.finish","request_id":"023d1eec-8519-42f1-a28c-bebc5766d6bb","method":"POST","path":"/v1/posts/feedback","status":200,"duration_ms":0}
{"timestamp":"2026-02-23T08:03:03.905Z","level":"INFO","event":"http.request.start","request_id":"096f2d09-013d-4950-b7f7-43d412c85aa6","method":"POST","path":"/v1/recommendations/recces","query":{},"body":{"author_id":"paul_graham","limit":8,"has_seed_post_id":false,"recent_post_ids_count":5,"exclude_post_ids_count":6}}
{"timestamp":"2026-02-23T08:03:03.905Z","level":"INFO","event":"http.request.finish","request_id":"096f2d09-013d-4950-b7f7-43d412c85aa6","method":"POST","path":"/v1/recommendations/recces","status":200,"duration_ms":0}
{"timestamp":"2026-02-23T08:03:03.906Z","level":"INFO","event":"http.request.start","request_id":"b05d6584-e89e-47fc-9071-a7dfa4ad90df","method":"POST","path":"/v1/recommendations/recces","query":{},"body":{"author_id":"paul_graham","limit":8,"has_seed_post_id":false,"recent_post_ids_count":5,"exclude_post_ids_count":7}}
{"timestamp":"2026-02-23T08:03:03.906Z","level":"INFO","event":"http.request.finish","request_id":"b05d6584-e89e-47fc-9071-a7dfa4ad90df","method":"POST","path":"/v1/recommendations/recces","status":200,"duration_ms":0}
{"timestamp":"2026-02-23T08:03:03.907Z","level":"INFO","event":"http.request.start","request_id":"765cee0e-7077-4db5-9a1f-fcf26a1f25ec","method":"POST","path":"/v1/recommendations/recces","query":{},"body":{"author_id":"paul_graham","limit":8,"has_seed_post_id":false,"recent_post_ids_count":5,"exclude_post_ids_count":0}}
{"timestamp":"2026-02-23T08:03:03.908Z","level":"INFO","event":"http.request.finish","request_id":"765cee0e-7077-4db5-9a1f-fcf26a1f25ec","method":"POST","path":"/v1/recommendations/recces","status":200,"duration_ms":1}
{"timestamp":"2026-02-23T08:03:03.909Z","level":"INFO","event":"http.request.start","request_id":"3170459e-af11-42a5-9884-d0e655dc68e6","method":"POST","path":"/v1/recommendations/recces","query":{},"body":{"author_id":"paul_graham","limit":8,"has_seed_post_id":false,"recent_post_ids_count":5,"exclude_post_ids_count":1}}
{"timestamp":"2026-02-23T08:03:03.909Z","level":"INFO","event":"http.request.finish","request_id":"3170459e-af11-42a5-9884-d0e655dc68e6","method":"POST","path":"/v1/recommendations/recces","status":200,"duration_ms":0}
{"timestamp":"2026-02-23T08:03:03.910Z","level":"INFO","event":"http.request.start","request_id":"aad5b165-c930-4a59-addf-17ad21c0cd45","method":"POST","path":"/v1/recommendations/recces","query":{},"body":{"author_id":"paul_graham","limit":8,"has_seed_post_id":false,"recent_post_ids_count":5,"exclude_post_ids_count":2}}
{"timestamp":"2026-02-23T08:03:03.911Z","level":"INFO","event":"http.request.finish","request_id":"aad5b165-c930-4a59-addf-17ad21c0cd45","method":"POST","path":"/v1/recommendations/recces","status":200,"duration_ms":1}
{"timestamp":"2026-02-23T08:03:03.912Z","level":"INFO","event":"http.request.start","request_id":"4b0633ec-bc85-4adc-ae7a-d8d1404c875b","method":"POST","path":"/v1/recommendations/recces","query":{},"body":{"author_id":"paul_graham","limit":8,"has_seed_post_id":false,"recent_post_ids_count":0,"exclude_post_ids_count":0}}
{"timestamp":"2026-02-23T08:03:03.912Z","level":"INFO","event":"http.request.finish","request_id":"4b0633ec-bc85-4adc-ae7a-d8d1404c875b","method":"POST","path":"/v1/recommendations/recces","status":200,"duration_ms":0}
{"timestamp":"2026-02-23T08:03:03.913Z","level":"INFO","event":"http.request.start","request_id":"080084cb-ceb4-4a48-884a-4e921df55426","method":"POST","path":"/v1/recommendations/recces","query":{},"body":{"author_id":"paul_graham","limit":8,"has_seed_post_id":false,"recent_post_ids_count":1,"exclude_post_ids_count":1}}
{"timestamp":"2026-02-23T08:03:03.914Z","level":"INFO","event":"http.request.finish","request_id":"080084cb-ceb4-4a48-884a-4e921df55426","method":"POST","path":"/v1/recommendations/recces","status":200,"duration_ms":1}
{"timestamp":"2026-02-23T08:03:03.915Z","level":"INFO","event":"http.request.start","request_id":"49c8a756-eb39-4733-8ec4-01661bace6ed","method":"POST","path":"/v1/recommendations/recces","query":{},"body":{"author_id":"paul_graham","limit":8,"has_seed_post_id":false,"recent_post_ids_count":2,"exclude_post_ids_count":2}}
{"timestamp":"2026-02-23T08:03:03.915Z","level":"INFO","event":"http.request.finish","request_id":"49c8a756-eb39-4733-8ec4-01661bace6ed","method":"POST","path":"/v1/recommendations/recces","status":200,"duration_ms":0}
{"timestamp":"2026-02-23T08:03:03.916Z","level":"INFO","event":"http.request.start","request_id":"6e7d27d1-1a85-4c66-adde-c59f25fa0a3d","method":"POST","path":"/v1/recommendations/recces","query":{},"body":{"author_id":"paul_graham","limit":8,"has_seed_post_id":false,"recent_post_ids_count":3,"exclude_post_ids_count":3}}
{"timestamp":"2026-02-23T08:03:03.916Z","level":"INFO","event":"http.request.finish","request_id":"6e7d27d1-1a85-4c66-adde-c59f25fa0a3d","method":"POST","path":"/v1/recommendations/recces","status":200,"duration_ms":0}
{"timestamp":"2026-02-23T08:03:03.917Z","level":"INFO","event":"http.request.start","request_id":"08e202cf-214c-410b-b6ac-f17fdc5881bb","method":"POST","path":"/v1/recommendations/recces","query":{},"body":{"author_id":"paul_graham","limit":8,"has_seed_post_id":false,"recent_post_ids_count":4,"exclude_post_ids_count":4}}
{"timestamp":"2026-02-23T08:03:03.918Z","level":"INFO","event":"http.request.finish","request_id":"08e202cf-214c-410b-b6ac-f17fdc5881bb","method":"POST","path":"/v1/recommendations/recces","status":200,"duration_ms":1}
{"timestamp":"2026-02-23T08:03:03.919Z","level":"INFO","event":"http.request.start","request_id":"c6ac0fc0-bc42-4514-b9e0-b5f13fb86be9","method":"POST","path":"/v1/recommendations/recces","query":{},"body":{"author_id":"paul_graham","limit":8,"has_seed_post_id":false,"recent_post_ids_count":5,"exclude_post_ids_count":5}}
{"timestamp":"2026-02-23T08:03:03.919Z","level":"INFO","event":"http.request.finish","request_id":"c6ac0fc0-bc42-4514-b9e0-b5f13fb86be9","method":"POST","path":"/v1/recommendations/recces","status":200,"duration_ms":0}
{"timestamp":"2026-02-23T08:03:03.920Z","level":"INFO","event":"http.request.start","request_id":"0e158763-e49c-44be-bad7-18c23fd77594","method":"POST","path":"/v1/posts/feedback","query":{},"body":{"post_id":"paul_graham:programming:0","feedback_type":"upvote"}}
{"timestamp":"2026-02-23T08:03:03.920Z","level":"INFO","event":"http.request.finish","request_id":"0e158763-e49c-44be-bad7-18c23fd77594","method":"POST","path":"/v1/posts/feedback","status":200,"duration_ms":0}
{"timestamp":"2026-02-23T08:03:03.921Z","level":"INFO","event":"http.request.start","request_id":"6e5df325-1b57-45d5-800f-d3abeaf64c20","method":"POST","path":"/v1/recommendations/recces","query":{},"body":{"author_id":"paul_graham","limit":8,"has_seed_post_id":false,"recent_post_ids_count":5,"exclude_post_ids_count":6}}
{"timestamp":"2026-02-23T08:03:03.921Z","level":"INFO","event":"http.request.finish","request_id":"6e5df325-1b57-45d5-800f-d3abeaf64c20","method":"POST","path":"/v1/recommendations/recces","status":200,"duration_ms":0}
{"timestamp":"2026-02-23T08:03:03.922Z","level":"INFO","event":"http.request.start","request_id":"c339776b-69d7-4532-9a6b-88962aceb93d","method":"POST","path":"/v1/posts/feedback","query":{},"body":{"post_id":"paul_graham:programming:1","feedback_type":"upvote"}}
{"timestamp":"2026-02-23T08:03:03.923Z","level":"INFO","event":"http.request.finish","request_id":"c339776b-69d7-4532-9a6b-88962aceb93d","method":"POST","path":"/v1/posts/feedback","status":200,"duration_ms":1}
{"timestamp":"2026-02-23T08:03:03.923Z","level":"INFO","event":"http.request.start","request_id":"87d154a3-dfe0-4326-963e-f9d88e691fc9","method":"POST","path":"/v1/recommendations/recces","query":{},"body":{"author_id":"paul_graham","limit":8,"has_seed_post_id":false,"recent_post_ids_count":5,"exclude_post_ids_count":7}}
{"timestamp":"2026-02-23T08:03:03.924Z","level":"INFO","event":"http.request.finish","request_id":"87d154a3-dfe0-4326-963e-f9d88e691fc9","method":"POST","path":"/v1/recommendations/recces","status":200,"duration_ms":1}
{"timestamp":"2026-02-23T08:03:03.924Z","level":"INFO","event":"http.request.start","request_id":"1f610344-aedc-45b2-a86e-5a9fa8710ff7","method":"POST","path":"/v1/recommendations/recces","query":{},"body":{"author_id":"paul_graham","limit":8,"has_seed_post_id":false,"recent_post_ids_count":5,"exclude_post_ids_count":0}}
{"timestamp":"2026-02-23T08:03:03.925Z","level":"INFO","event":"http.request.finish","request_id":"1f610344-aedc-45b2-a86e-5a9fa8710ff7","method":"POST","path":"/v1/recommendations/recces","status":200,"duration_ms":1}
{"timestamp":"2026-02-23T08:03:03.926Z","level":"INFO","event":"http.request.start","request_id":"9918d958-004c-49f9-833e-96e23068ee10","method":"POST","path":"/v1/recommendations/recces","query":{},"body":{"author_id":"paul_graham","limit":8,"has_seed_post_id":false,"recent_post_ids_count":5,"exclude_post_ids_count":1}}
{"timestamp":"2026-02-23T08:03:03.926Z","level":"INFO","event":"http.request.finish","request_id":"9918d958-004c-49f9-833e-96e23068ee10","method":"POST","path":"/v1/recommendations/recces","status":200,"duration_ms":0}
{"timestamp":"2026-02-23T08:03:03.927Z","level":"INFO","event":"http.request.start","request_id":"a548a27d-344e-4720-a1a5-317f468adee4","method":"POST","path":"/v1/recommendations/recces","query":{},"body":{"author_id":"paul_graham","limit":8,"has_seed_post_id":false,"recent_post_ids_count":5,"exclude_post_ids_count":2}}
{"timestamp":"2026-02-23T08:03:03.927Z","level":"INFO","event":"http.request.finish","request_id":"a548a27d-344e-4720-a1a5-317f468adee4","method":"POST","path":"/v1/recommendations/recces","status":200,"duration_ms":0}
