[rec-sim-user-1-long] round=1 theme="Launch Early" affinity=1 feedback=none score=0.38476
[rec-sim-user-1-long] round=2 theme="Understand Users" affinity=4 feedback=upvote score=0.08357
[rec-sim-user-1-long] round=3 theme="Customer Support" affinity=4 feedback=upvote score=0.3503
[rec-sim-user-1-long] round=4 theme="Lisp and Programming Languages" affinity=0 feedback=none score=0.06504
[rec-sim-user-1-long] round=5 theme="Compiler Design" affinity=0 feedback=none score=0.15548
[rec-sim-user-1-long] round=6 theme="Fundraising Strategy" affinity=0 feedback=none score=0.06304
[rec-sim-user-1-long] round=7 theme="Investor Communication" affinity=0 feedback=none score=0.16317
[rec-sim-user-1-long] round=8 theme="Launch Early" affinity=1 feedback=none score=0.08373
[rec-sim-user-1-long] round=9 theme="Launch Early" affinity=1 feedback=none score=0.08373
[rec-sim-user-1-long] round=10 theme="Lisp and Programming Languages" affinity=0 feedback=none score=0.15532
[rec-sim-user-1-long] round=11 theme="Compiler Design" affinity=0 feedback=none score=0.15548
[rec-sim-user-1-long] round=12 theme="Fundraising Strategy" affinity=0 feedback=none score=0.16333
[rec-sim-user-2-long] round=1 theme="Understand Users" affinity=0 feedback=none score=0.38838
[rec-sim-user-2-long] round=2 theme="Customer Support" affinity=0 feedback=none score=0.35407
[rec-sim-user-2-long] round=3 theme="Launch Early" affinity=0 feedback=none score=0.08719
[rec-sim-user-2-long] round=4 theme="Lisp and Programming Languages" affinity=0 feedback=none score=0.07734
[rec-sim-user-2-long] round=5 theme="Compiler Design" affinity=0 feedback=none score=0.16747
[rec-sim-user-2-long] round=6 theme="Fundraising Strategy" affinity=3 feedback=upvote score=0.05343
[rec-sim-user-2-long] round=7 theme="Investor Communication" affinity=1 feedback=none score=0.15388
[rec-sim-user-2-long] round=8 theme="Understand Users" affinity=0 feedback=none score=0.09051
[rec-sim-user-2-long] round=9 theme="Customer Support" affinity=0 feedback=none score=0.35407
[rec-sim-user-2-long] round=10 theme="Lisp and Programming Languages" affinity=0 feedback=none score=0.16763
[rec-sim-user-2-long] round=11 theme="Compiler Design" affinity=0 feedback=none score=0.16747
[rec-sim-user-2-long] round=12 theme="Launch Early" affinity=0 feedback=none score=0.08719
[rec-sim-user-3-long] round=1 theme="Customer Support" affinity=0 feedback=none score=0.37569
[rec-sim-user-3-long] round=2 theme="Understand Users" affinity=0 feedback=none score=0.34138
[rec-sim-user-3-long] round=3 theme="Launch Early" affinity=0 feedback=none score=0.0745
[rec-sim-user-3-long] round=4 theme="Lisp and Programming Languages" affinity=4 feedback=upvote score=0.06935
[rec-sim-user-3-long] round=5 theme="Compiler Design" affinity=3 feedback=upvote score=0.15979
[rec-sim-user-3-long] round=6 theme="Fundraising Strategy" affinity=0 feedback=none score=0.0601
[rec-sim-user-3-long] round=7 theme="Investor Communication" affinity=0 feedback=none score=0.16023
[rec-sim-user-3-long] round=8 theme="Understand Users" affinity=0 feedback=none score=0.07751
[rec-sim-user-3-long] round=9 theme="Customer Support" affinity=0 feedback=none score=0.34169
[rec-sim-user-3-long] round=10 theme="Launch Early" affinity=0 feedback=none score=0.0745
[rec-sim-user-3-long] round=11 theme="Understand Users" affinity=0 feedback=none score=0.07052
[rec-sim-user-3-long] round=12 theme="Fundraising Strategy" affinity=0 feedback=none score=0.16039
{
  "config": {
    "base": "http://127.0.0.1:8787",
    "author_id": "paul_graham",
    "users": 3,
    "rounds_per_user": 12,
    "recommend_limit": 8,
    "recent_window": 5,
    "auth_header_used": false,
    "run_id": "long"
  },
  "users": [
    {
      "userId": "rec-sim-user-1-long",
      "preferences": [
        "user",
        "users",
        "support",
        "startup",
        "founder",
        "iterate"
      ],
      "summary": {
        "rounds": 12,
        "first_half_relevance_ratio": 0.5,
        "second_half_relevance_ratio": 0.3333,
        "relevance_lift": -0.1667,
        "upvotes": 2,
        "downvotes": 0,
        "no_feedback": 10
      }
    },
    {
      "userId": "rec-sim-user-2-long",
      "preferences": [
        "investor",
        "investors",
        "fundraising",
        "equity",
        "term",
        "round"
      ],
      "summary": {
        "rounds": 12,
        "first_half_relevance_ratio": 0.1667,
        "second_half_relevance_ratio": 0.1667,
        "relevance_lift": 0,
        "upvotes": 1,
        "downvotes": 0,
        "no_feedback": 11
      }
    },
    {
      "userId": "rec-sim-user-3-long",
      "preferences": [
        "lisp",
        "compiler",
        "language",
        "programming",
        "software",
        "semantics"
      ],
      "summary": {
        "rounds": 12,
        "first_half_relevance_ratio": 0.3333,
        "second_half_relevance_ratio": 0,
        "relevance_lift": -0.3333,
        "upvotes": 2,
        "downvotes": 0,
        "no_feedback": 10
      }
    }
  ],
  "total_runtime_ms": 101
}
